<?xml version="1.0" encoding="UTF-8"?>
<testng-results ignored="0" total="9" passed="9" failed="0" skipped="0">
  <reporter-output>
  </reporter-output>
  <suite started-at="2024-12-23T02:44:21 GMT" name="vendor-portal" finished-at="2024-12-23T02:44:34 GMT" duration-ms="13223">
    <groups>
    </groups>
    <test started-at="2024-12-23T02:44:21 GMT" name="user-sam" finished-at="2024-12-23T02:44:33 GMT" duration-ms="12219">
      <class name="com.leo.tests.vendorportal.VendorPortalTest">
        <test-method is-config="true" signature="setDriver(org.testng.ITestContext)[pri:0, instance:com.leo.tests.vendorportal.VendorPortalTest@57ad2aa7]" started-at="2024-12-23T02:44:21 GMT" name="setDriver" finished-at="2024-12-23T02:44:28 GMT" duration-ms="7001" status="PASS">
          <params>
            <param index="0">
              <value>
                <![CDATA[org.testng.TestRunner@1c93f6e1]]>
              </value>
            </param>
          </params>
          <reporter-output>
          </reporter-output>
        </test-method> <!-- setDriver -->
        <test-method is-config="true" signature="setPageObjects(java.lang.String)[pri:0, instance:com.leo.tests.vendorportal.VendorPortalTest@57ad2aa7]" started-at="2024-12-23T02:44:28 GMT" name="setPageObjects" finished-at="2024-12-23T02:44:28 GMT" depends-on-methods="com.leo.tests.AbstractTest.setDriver" duration-ms="606" status="PASS">
          <params>
            <param index="0">
              <value>
                <![CDATA[test-data/vendor-portal/sam.json]]>
              </value>
            </param>
          </params>
          <reporter-output>
          </reporter-output>
        </test-method> <!-- setPageObjects -->
        <test-method signature="loginTest()[pri:0, instance:com.leo.tests.vendorportal.VendorPortalTest@57ad2aa7]" started-at="2024-12-23T02:44:28 GMT" name="loginTest" finished-at="2024-12-23T02:44:30 GMT" duration-ms="1390" status="PASS">
          <reporter-output>
          </reporter-output>
        </test-method> <!-- loginTest -->
        <test-method signature="dashboardTest()[pri:0, instance:com.leo.tests.vendorportal.VendorPortalTest@57ad2aa7]" started-at="2024-12-23T02:44:30 GMT" name="dashboardTest" finished-at="2024-12-23T02:44:31 GMT" depends-on-methods="com.leo.tests.vendorportal.VendorPortalTest.loginTest" duration-ms="1679" status="PASS">
          <reporter-output>
          </reporter-output>
        </test-method> <!-- dashboardTest -->
        <test-method signature="logoutTest()[pri:0, instance:com.leo.tests.vendorportal.VendorPortalTest@57ad2aa7]" started-at="2024-12-23T02:44:31 GMT" name="logoutTest" finished-at="2024-12-23T02:44:33 GMT" depends-on-methods="com.leo.tests.vendorportal.VendorPortalTest.dashboardTest" duration-ms="1394" status="PASS">
          <reporter-output>
          </reporter-output>
        </test-method> <!-- logoutTest -->
        <test-method is-config="true" signature="quitDriver()[pri:0, instance:com.leo.tests.vendorportal.VendorPortalTest@57ad2aa7]" started-at="2024-12-23T02:44:33 GMT" name="quitDriver" finished-at="2024-12-23T02:44:33 GMT" duration-ms="109" status="PASS">
          <reporter-output>
          </reporter-output>
        </test-method> <!-- quitDriver -->
      </class> <!-- com.leo.tests.vendorportal.VendorPortalTest -->
    </test> <!-- user-sam -->
    <test started-at="2024-12-23T02:44:21 GMT" name="user-john" finished-at="2024-12-23T02:44:34 GMT" duration-ms="12871">
      <class name="com.leo.tests.vendorportal.VendorPortalTest">
        <test-method is-config="true" signature="setupConfig()[pri:0, instance:com.leo.tests.vendorportal.VendorPortalTest@5b7a8434]" started-at="2024-12-23T02:44:21 GMT" name="setupConfig" finished-at="2024-12-23T02:44:21 GMT" duration-ms="16" status="PASS">
          <reporter-output>
          </reporter-output>
        </test-method> <!-- setupConfig -->
        <test-method is-config="true" signature="setDriver(org.testng.ITestContext)[pri:0, instance:com.leo.tests.vendorportal.VendorPortalTest@5b7a8434]" started-at="2024-12-23T02:44:21 GMT" name="setDriver" finished-at="2024-12-23T02:44:28 GMT" duration-ms="7001" status="PASS">
          <params>
            <param index="0">
              <value>
                <![CDATA[org.testng.TestRunner@1458ed9c]]>
              </value>
            </param>
          </params>
          <reporter-output>
          </reporter-output>
        </test-method> <!-- setDriver -->
        <test-method is-config="true" signature="setPageObjects(java.lang.String)[pri:0, instance:com.leo.tests.vendorportal.VendorPortalTest@5b7a8434]" started-at="2024-12-23T02:44:28 GMT" name="setPageObjects" finished-at="2024-12-23T02:44:28 GMT" depends-on-methods="com.leo.tests.AbstractTest.setDriver" duration-ms="606" status="PASS">
          <params>
            <param index="0">
              <value>
                <![CDATA[test-data/vendor-portal/john.json]]>
              </value>
            </param>
          </params>
          <reporter-output>
          </reporter-output>
        </test-method> <!-- setPageObjects -->
        <test-method signature="loginTest()[pri:0, instance:com.leo.tests.vendorportal.VendorPortalTest@5b7a8434]" started-at="2024-12-23T02:44:28 GMT" name="loginTest" finished-at="2024-12-23T02:44:30 GMT" duration-ms="1418" status="PASS">
          <reporter-output>
          </reporter-output>
        </test-method> <!-- loginTest -->
        <test-method signature="dashboardTest()[pri:0, instance:com.leo.tests.vendorportal.VendorPortalTest@5b7a8434]" started-at="2024-12-23T02:44:30 GMT" name="dashboardTest" finished-at="2024-12-23T02:44:32 GMT" depends-on-methods="com.leo.tests.vendorportal.VendorPortalTest.loginTest" duration-ms="2469" status="PASS">
          <reporter-output>
          </reporter-output>
        </test-method> <!-- dashboardTest -->
        <test-method signature="logoutTest()[pri:0, instance:com.leo.tests.vendorportal.VendorPortalTest@5b7a8434]" started-at="2024-12-23T02:44:32 GMT" name="logoutTest" finished-at="2024-12-23T02:44:33 GMT" depends-on-methods="com.leo.tests.vendorportal.VendorPortalTest.dashboardTest" duration-ms="1246" status="PASS">
          <reporter-output>
          </reporter-output>
        </test-method> <!-- logoutTest -->
        <test-method is-config="true" signature="quitDriver()[pri:0, instance:com.leo.tests.vendorportal.VendorPortalTest@5b7a8434]" started-at="2024-12-23T02:44:33 GMT" name="quitDriver" finished-at="2024-12-23T02:44:34 GMT" duration-ms="94" status="PASS">
          <reporter-output>
          </reporter-output>
        </test-method> <!-- quitDriver -->
      </class> <!-- com.leo.tests.vendorportal.VendorPortalTest -->
    </test> <!-- user-john -->
    <test started-at="2024-12-23T02:44:21 GMT" name="user-mike" finished-at="2024-12-23T02:44:34 GMT" duration-ms="13223">
      <class name="com.leo.tests.vendorportal.VendorPortalTest">
        <test-method is-config="true" signature="setDriver(org.testng.ITestContext)[pri:0, instance:com.leo.tests.vendorportal.VendorPortalTest@39d9314d]" started-at="2024-12-23T02:44:21 GMT" name="setDriver" finished-at="2024-12-23T02:44:28 GMT" duration-ms="7001" status="PASS">
          <params>
            <param index="0">
              <value>
                <![CDATA[org.testng.TestRunner@1800a575]]>
              </value>
            </param>
          </params>
          <reporter-output>
          </reporter-output>
        </test-method> <!-- setDriver -->
        <test-method is-config="true" signature="setPageObjects(java.lang.String)[pri:0, instance:com.leo.tests.vendorportal.VendorPortalTest@39d9314d]" started-at="2024-12-23T02:44:28 GMT" name="setPageObjects" finished-at="2024-12-23T02:44:28 GMT" depends-on-methods="com.leo.tests.AbstractTest.setDriver" duration-ms="606" status="PASS">
          <params>
            <param index="0">
              <value>
                <![CDATA[test-data/vendor-portal/mike.json]]>
              </value>
            </param>
          </params>
          <reporter-output>
          </reporter-output>
        </test-method> <!-- setPageObjects -->
        <test-method signature="loginTest()[pri:0, instance:com.leo.tests.vendorportal.VendorPortalTest@39d9314d]" started-at="2024-12-23T02:44:28 GMT" name="loginTest" finished-at="2024-12-23T02:44:30 GMT" duration-ms="1380" status="PASS">
          <reporter-output>
          </reporter-output>
        </test-method> <!-- loginTest -->
        <test-method signature="dashboardTest()[pri:0, instance:com.leo.tests.vendorportal.VendorPortalTest@39d9314d]" started-at="2024-12-23T02:44:30 GMT" name="dashboardTest" finished-at="2024-12-23T02:44:33 GMT" depends-on-methods="com.leo.tests.vendorportal.VendorPortalTest.loginTest" duration-ms="2874" status="PASS">
          <reporter-output>
          </reporter-output>
        </test-method> <!-- dashboardTest -->
        <test-method signature="logoutTest()[pri:0, instance:com.leo.tests.vendorportal.VendorPortalTest@39d9314d]" started-at="2024-12-23T02:44:33 GMT" name="logoutTest" finished-at="2024-12-23T02:44:34 GMT" depends-on-methods="com.leo.tests.vendorportal.VendorPortalTest.dashboardTest" duration-ms="1221" status="PASS">
          <reporter-output>
          </reporter-output>
        </test-method> <!-- logoutTest -->
        <test-method is-config="true" signature="quitDriver()[pri:0, instance:com.leo.tests.vendorportal.VendorPortalTest@39d9314d]" started-at="2024-12-23T02:44:34 GMT" name="quitDriver" finished-at="2024-12-23T02:44:34 GMT" duration-ms="92" status="PASS">
          <reporter-output>
          </reporter-output>
        </test-method> <!-- quitDriver -->
      </class> <!-- com.leo.tests.vendorportal.VendorPortalTest -->
    </test> <!-- user-mike -->
  </suite> <!-- vendor-portal -->
</testng-results>
